0 info it worked if it ends with ok
1 verbose cli [ '/home/mingu/.nvm/versions/node/v0.12.9/bin/node',
1 verbose cli   '/home/mingu/.nvm/versions/node/v0.12.9/bin/npm',
1 verbose cli   'start' ]
2 info using npm@2.14.9
3 info using node@v0.12.9
4 verbose run-script [ 'prestart', 'start', 'poststart' ]
5 info prestart ssmsv2@0.0.0
6 info start ssmsv2@0.0.0
7 verbose unsafe-perm in lifecycle true
8 info ssmsv2@0.0.0 Failed to exec start script
9 verbose stack Error: ssmsv2@0.0.0 start: `node ./bin/www`
9 verbose stack Exit status 1
9 verbose stack     at EventEmitter.<anonymous> (/home/mingu/.nvm/versions/node/v0.12.9/lib/node_modules/npm/lib/utils/lifecycle.js:214:16)
9 verbose stack     at EventEmitter.emit (events.js:110:17)
9 verbose stack     at ChildProcess.<anonymous> (/home/mingu/.nvm/versions/node/v0.12.9/lib/node_modules/npm/lib/utils/spawn.js:24:14)
9 verbose stack     at ChildProcess.emit (events.js:110:17)
9 verbose stack     at maybeClose (child_process.js:1016:16)
9 verbose stack     at Process.ChildProcess._handle.onexit (child_process.js:1088:5)
10 verbose pkgid ssmsv2@0.0.0
11 verbose cwd /home/mingu/projects/ssmsv2
12 error Linux 3.13.0-70-generic
13 error argv "/home/mingu/.nvm/versions/node/v0.12.9/bin/node" "/home/mingu/.nvm/versions/node/v0.12.9/bin/npm" "start"
14 error node v0.12.9
15 error npm  v2.14.9
16 error code ELIFECYCLE
17 error ssmsv2@0.0.0 start: `node ./bin/www`
17 error Exit status 1
18 error Failed at the ssmsv2@0.0.0 start script 'node ./bin/www'.
18 error This is most likely a problem with the ssmsv2 package,
18 error not with npm itself.
18 error Tell the author that this fails on your system:
18 error     node ./bin/www
18 error You can get their info via:
18 error     npm owner ls ssmsv2
18 error There is likely additional logging output above.
19 verbose exit [ 1, true ]
